[2025-01-11 15:28:35,753: INFO/MainProcess] beat: Starting...
[2025-01-11 15:28:35,760: ERROR/MainProcess] Removing corrupted schedule file 'celerybeat-schedule': error(13, 'Permission denied')
Traceback (most recent call last):
  File "/home/igor/venv/lib/python3.10/site-packages/celery/beat.py", line 531, in setup_schedule
    self._store = self._open_schedule()
  File "/home/igor/venv/lib/python3.10/site-packages/celery/beat.py", line 521, in _open_schedule
    return self.persistence.open(self.schedule_filename, writeback=True)
  File "/usr/lib/python3.10/shelve.py", line 243, in open
    return DbfilenameShelf(filename, flag, protocol, writeback)
  File "/usr/lib/python3.10/shelve.py", line 227, in __init__
    Shelf.__init__(self, dbm.open(filename, flag), protocol, writeback)
  File "/usr/lib/python3.10/dbm/__init__.py", line 95, in open
    return mod.open(file, flag, mode)
_gdbm.error: [Errno 13] Permission denied: 'celerybeat-schedule'
celery beat v5.4.0 (opalescent) is starting.
__    -    ... __   -        _
LocalTime -> 2025-01-11 15:28:35
Configuration ->
    . broker -> redis://localhost:6379/0
    . loader -> celery.loaders.app.AppLoader
    . scheduler -> celery.beat.PersistentScheduler
    . db -> celerybeat-schedule
    . logfile -> [stderr]@%INFO
    . maxinterval -> 5.00 minutes (300s)
[2025-01-11 15:34:53,008: INFO/MainProcess] beat: Starting...
[2025-01-11 15:35:00,005: INFO/MainProcess] Scheduler: Sending due task check-notifications-every-day (leads.tasks.check_notifications)
celery beat v5.4.0 (opalescent) is starting.
__    -    ... __   -        _
LocalTime -> 2025-01-11 15:34:53
Configuration ->
    . broker -> redis://localhost:6379/0
    . loader -> celery.loaders.app.AppLoader
    . scheduler -> celery.beat.PersistentScheduler
    . db -> celerybeat-schedule
    . logfile -> [stderr]@%INFO
    . maxinterval -> 5.00 minutes (300s)
[2025-01-12 11:58:10,950: INFO/MainProcess] beat: Starting...
[2025-01-12 12:00:00,082: INFO/MainProcess] Scheduler: Sending due task check-notifications-every-day (leads.tasks.check_notifications)
[2025-01-13 12:00:00,081: INFO/MainProcess] Scheduler: Sending due task check-notifications-every-day (leads.tasks.check_notifications)
[2025-01-14 12:00:00,088: INFO/MainProcess] Scheduler: Sending due task check-notifications-every-day (leads.tasks.check_notifications)
[2025-01-15 12:00:00,077: INFO/MainProcess] Scheduler: Sending due task check-notifications-every-day (leads.tasks.check_notifications)
[2025-01-16 12:00:00,067: INFO/MainProcess] Scheduler: Sending due task check-notifications-every-day (leads.tasks.check_notifications)
[2025-01-17 12:00:00,098: INFO/MainProcess] Scheduler: Sending due task check-notifications-every-day (leads.tasks.check_notifications)
[2025-01-18 12:00:00,016: INFO/MainProcess] Scheduler: Sending due task check-notifications-every-day (leads.tasks.check_notifications)
[2025-01-19 12:00:00,098: INFO/MainProcess] Scheduler: Sending due task check-notifications-every-day (leads.tasks.check_notifications)
[2025-01-20 12:00:00,052: INFO/MainProcess] Scheduler: Sending due task check-notifications-every-day (leads.tasks.check_notifications)
[2025-01-21 12:00:00,084: INFO/MainProcess] Scheduler: Sending due task check-notifications-every-day (leads.tasks.check_notifications)
[2025-01-22 12:00:00,030: INFO/MainProcess] Scheduler: Sending due task check-notifications-every-day (leads.tasks.check_notifications)
[2025-01-23 12:00:00,066: INFO/MainProcess] Scheduler: Sending due task check-notifications-every-day (leads.tasks.check_notifications)
[2025-01-24 12:00:00,068: INFO/MainProcess] Scheduler: Sending due task check-notifications-every-day (leads.tasks.check_notifications)
[2025-01-25 12:00:00,089: INFO/MainProcess] Scheduler: Sending due task check-notifications-every-day (leads.tasks.check_notifications)
[2025-01-26 12:00:00,067: INFO/MainProcess] Scheduler: Sending due task check-notifications-every-day (leads.tasks.check_notifications)
[2025-01-27 12:00:00,098: INFO/MainProcess] Scheduler: Sending due task check-notifications-every-day (leads.tasks.check_notifications)
[2025-01-28 12:00:00,021: INFO/MainProcess] Scheduler: Sending due task check-notifications-every-day (leads.tasks.check_notifications)
[2025-01-29 12:00:00,098: INFO/MainProcess] Scheduler: Sending due task check-notifications-every-day (leads.tasks.check_notifications)
[2025-01-30 12:00:00,097: INFO/MainProcess] Scheduler: Sending due task check-notifications-every-day (leads.tasks.check_notifications)
[2025-01-31 12:00:00,054: INFO/MainProcess] Scheduler: Sending due task check-notifications-every-day (leads.tasks.check_notifications)
[2025-02-01 12:00:00,081: INFO/MainProcess] Scheduler: Sending due task check-notifications-every-day (leads.tasks.check_notifications)
[2025-02-02 12:00:00,083: INFO/MainProcess] Scheduler: Sending due task check-notifications-every-day (leads.tasks.check_notifications)
[2025-02-03 12:00:00,040: INFO/MainProcess] Scheduler: Sending due task check-notifications-every-day (leads.tasks.check_notifications)
[2025-02-04 12:00:00,094: INFO/MainProcess] Scheduler: Sending due task check-notifications-every-day (leads.tasks.check_notifications)
[2025-02-05 12:00:00,078: INFO/MainProcess] Scheduler: Sending due task check-notifications-every-day (leads.tasks.check_notifications)
[2025-02-06 12:00:00,097: INFO/MainProcess] Scheduler: Sending due task check-notifications-every-day (leads.tasks.check_notifications)
[2025-02-07 12:00:00,061: INFO/MainProcess] Scheduler: Sending due task check-notifications-every-day (leads.tasks.check_notifications)
[2025-02-08 12:00:00,042: INFO/MainProcess] Scheduler: Sending due task check-notifications-every-day (leads.tasks.check_notifications)
[2025-02-09 12:00:00,038: INFO/MainProcess] Scheduler: Sending due task check-notifications-every-day (leads.tasks.check_notifications)
[2025-02-10 12:00:00,098: INFO/MainProcess] Scheduler: Sending due task check-notifications-every-day (leads.tasks.check_notifications)
[2025-02-11 12:00:00,023: INFO/MainProcess] Scheduler: Sending due task check-notifications-every-day (leads.tasks.check_notifications)
[2025-02-12 12:00:00,099: INFO/MainProcess] Scheduler: Sending due task check-notifications-every-day (leads.tasks.check_notifications)
[2025-02-13 12:00:00,091: INFO/MainProcess] Scheduler: Sending due task check-notifications-every-day (leads.tasks.check_notifications)
[2025-02-14 12:00:00,064: INFO/MainProcess] Scheduler: Sending due task check-notifications-every-day (leads.tasks.check_notifications)
[2025-02-15 12:00:00,091: INFO/MainProcess] Scheduler: Sending due task check-notifications-every-day (leads.tasks.check_notifications)
[2025-02-16 12:00:00,088: INFO/MainProcess] Scheduler: Sending due task check-notifications-every-day (leads.tasks.check_notifications)
[2025-02-17 12:00:00,018: INFO/MainProcess] Scheduler: Sending due task check-notifications-every-day (leads.tasks.check_notifications)
[2025-02-18 12:00:00,060: INFO/MainProcess] Scheduler: Sending due task check-notifications-every-day (leads.tasks.check_notifications)
[2025-02-19 12:00:00,064: INFO/MainProcess] Scheduler: Sending due task check-notifications-every-day (leads.tasks.check_notifications)
[2025-02-20 12:00:00,049: INFO/MainProcess] Scheduler: Sending due task check-notifications-every-day (leads.tasks.check_notifications)
[2025-02-21 12:00:00,093: INFO/MainProcess] Scheduler: Sending due task check-notifications-every-day (leads.tasks.check_notifications)
[2025-02-22 12:00:00,087: INFO/MainProcess] Scheduler: Sending due task check-notifications-every-day (leads.tasks.check_notifications)
celery beat v5.4.0 (opalescent) is starting.
__    -    ... __   -        _
LocalTime -> 2025-01-12 11:58:10
Configuration ->
    . broker -> redis://localhost:6379/0
    . loader -> celery.loaders.app.AppLoader
    . scheduler -> celery.beat.PersistentScheduler
    . db -> celerybeat-schedule
    . logfile -> [stderr]@%INFO
    . maxinterval -> 5.00 minutes (300s)
[2025-02-22 14:22:37,813: INFO/MainProcess] beat: Starting...
[2025-02-23 12:00:00,053: INFO/MainProcess] Scheduler: Sending due task check-notifications-every-day (leads.tasks.check_notifications)
[2025-02-24 12:00:00,064: INFO/MainProcess] Scheduler: Sending due task check-notifications-every-day (leads.tasks.check_notifications)
[2025-02-25 12:00:00,039: INFO/MainProcess] Scheduler: Sending due task check-notifications-every-day (leads.tasks.check_notifications)
[2025-02-26 12:00:00,094: INFO/MainProcess] Scheduler: Sending due task check-notifications-every-day (leads.tasks.check_notifications)
[2025-02-27 12:00:00,076: INFO/MainProcess] Scheduler: Sending due task check-notifications-every-day (leads.tasks.check_notifications)
[2025-02-28 12:00:00,093: INFO/MainProcess] Scheduler: Sending due task check-notifications-every-day (leads.tasks.check_notifications)
[2025-03-01 12:00:00,053: INFO/MainProcess] Scheduler: Sending due task check-notifications-every-day (leads.tasks.check_notifications)
[2025-03-02 12:00:00,092: INFO/MainProcess] Scheduler: Sending due task check-notifications-every-day (leads.tasks.check_notifications)
[2025-03-03 12:00:00,071: INFO/MainProcess] Scheduler: Sending due task check-notifications-every-day (leads.tasks.check_notifications)
[2025-03-04 12:00:00,097: INFO/MainProcess] Scheduler: Sending due task check-notifications-every-day (leads.tasks.check_notifications)
celery beat v5.4.0 (opalescent) is starting.
__    -    ... __   -        _
LocalTime -> 2025-02-22 14:22:37
Configuration ->
    . broker -> redis://localhost:6379/0
    . loader -> celery.loaders.app.AppLoader
    . scheduler -> celery.beat.PersistentScheduler
    . db -> celerybeat-schedule
    . logfile -> [stderr]@%INFO
    . maxinterval -> 5.00 minutes (300s)
[2025-03-04 22:46:04,250: INFO/MainProcess] beat: Starting...
[2025-03-05 12:00:00,101: INFO/MainProcess] Scheduler: Sending due task check-notifications-every-day (leads.tasks.check_notifications)
[2025-03-06 12:00:00,097: INFO/MainProcess] Scheduler: Sending due task check-notifications-every-day (leads.tasks.check_notifications)
[2025-03-07 12:00:00,096: INFO/MainProcess] Scheduler: Sending due task check-notifications-every-day (leads.tasks.check_notifications)
[2025-03-08 12:00:00,095: INFO/MainProcess] Scheduler: Sending due task check-notifications-every-day (leads.tasks.check_notifications)
[2025-03-09 12:00:00,061: INFO/MainProcess] Scheduler: Sending due task check-notifications-every-day (leads.tasks.check_notifications)
[2025-03-10 12:00:00,092: INFO/MainProcess] Scheduler: Sending due task check-notifications-every-day (leads.tasks.check_notifications)
[2025-03-11 12:00:00,059: INFO/MainProcess] Scheduler: Sending due task check-notifications-every-day (leads.tasks.check_notifications)
[2025-03-12 12:00:00,027: INFO/MainProcess] Scheduler: Sending due task check-notifications-every-day (leads.tasks.check_notifications)
[2025-03-13 12:00:00,096: INFO/MainProcess] Scheduler: Sending due task check-notifications-every-day (leads.tasks.check_notifications)
[2025-03-14 12:00:00,096: INFO/MainProcess] Scheduler: Sending due task check-notifications-every-day (leads.tasks.check_notifications)
[2025-03-15 12:00:00,093: INFO/MainProcess] Scheduler: Sending due task check-notifications-every-day (leads.tasks.check_notifications)
[2025-03-16 12:00:00,073: INFO/MainProcess] Scheduler: Sending due task check-notifications-every-day (leads.tasks.check_notifications)
[2025-03-17 12:00:00,052: INFO/MainProcess] Scheduler: Sending due task check-notifications-every-day (leads.tasks.check_notifications)
[2025-03-18 12:00:00,077: INFO/MainProcess] Scheduler: Sending due task check-notifications-every-day (leads.tasks.check_notifications)
celery beat v5.4.0 (opalescent) is starting.
__    -    ... __   -        _
LocalTime -> 2025-03-04 22:46:04
Configuration ->
    . broker -> redis://localhost:6379/0
    . loader -> celery.loaders.app.AppLoader
    . scheduler -> celery.beat.PersistentScheduler
    . db -> celerybeat-schedule
    . logfile -> [stderr]@%INFO
    . maxinterval -> 5.00 minutes (300s)
[2025-03-18 23:56:27,855: INFO/MainProcess] beat: Starting...
[2025-03-19 12:00:00,101: INFO/MainProcess] Scheduler: Sending due task check-notifications-every-day (leads.tasks.check_notifications)
[2025-03-20 12:00:00,048: INFO/MainProcess] Scheduler: Sending due task check-notifications-every-day (leads.tasks.check_notifications)
[2025-03-21 12:00:00,068: INFO/MainProcess] Scheduler: Sending due task check-notifications-every-day (leads.tasks.check_notifications)
[2025-03-22 12:00:00,096: INFO/MainProcess] Scheduler: Sending due task check-notifications-every-day (leads.tasks.check_notifications)
[2025-03-23 12:00:00,091: INFO/MainProcess] Scheduler: Sending due task check-notifications-every-day (leads.tasks.check_notifications)
[2025-03-24 12:00:00,034: INFO/MainProcess] Scheduler: Sending due task check-notifications-every-day (leads.tasks.check_notifications)
[2025-03-25 12:00:00,028: INFO/MainProcess] Scheduler: Sending due task check-notifications-every-day (leads.tasks.check_notifications)
[2025-03-26 12:00:00,100: INFO/MainProcess] Scheduler: Sending due task check-notifications-every-day (leads.tasks.check_notifications)
[2025-03-27 12:00:00,059: INFO/MainProcess] Scheduler: Sending due task check-notifications-every-day (leads.tasks.check_notifications)
[2025-03-28 12:00:00,092: INFO/MainProcess] Scheduler: Sending due task check-notifications-every-day (leads.tasks.check_notifications)
[2025-03-29 12:00:00,070: INFO/MainProcess] Scheduler: Sending due task check-notifications-every-day (leads.tasks.check_notifications)
[2025-03-30 12:00:00,070: INFO/MainProcess] Scheduler: Sending due task check-notifications-every-day (leads.tasks.check_notifications)
[2025-03-31 12:00:00,077: INFO/MainProcess] Scheduler: Sending due task check-notifications-every-day (leads.tasks.check_notifications)
[2025-04-01 12:00:00,064: INFO/MainProcess] Scheduler: Sending due task check-notifications-every-day (leads.tasks.check_notifications)
[2025-04-02 12:00:00,058: INFO/MainProcess] Scheduler: Sending due task check-notifications-every-day (leads.tasks.check_notifications)
[2025-04-03 12:00:00,093: INFO/MainProcess] Scheduler: Sending due task check-notifications-every-day (leads.tasks.check_notifications)
[2025-04-04 12:00:00,092: INFO/MainProcess] Scheduler: Sending due task check-notifications-every-day (leads.tasks.check_notifications)
[2025-04-05 12:00:00,086: INFO/MainProcess] Scheduler: Sending due task check-notifications-every-day (leads.tasks.check_notifications)
[2025-04-06 12:00:00,080: INFO/MainProcess] Scheduler: Sending due task check-notifications-every-day (leads.tasks.check_notifications)
[2025-04-07 12:00:00,064: INFO/MainProcess] Scheduler: Sending due task check-notifications-every-day (leads.tasks.check_notifications)
[2025-04-08 12:00:00,073: INFO/MainProcess] Scheduler: Sending due task check-notifications-every-day (leads.tasks.check_notifications)
[2025-04-09 12:00:00,041: INFO/MainProcess] Scheduler: Sending due task check-notifications-every-day (leads.tasks.check_notifications)
[2025-04-10 12:00:00,045: INFO/MainProcess] Scheduler: Sending due task check-notifications-every-day (leads.tasks.check_notifications)
